<?xml version="1.0" encoding="UTF-8"?>
<!-- Generated by org.testng.reporters.JUnitReportReporter -->
<testsuite hostname="LIN-5CG136BG22" failures="0" tests="5" name="Runner.RunnerClass" time="117.286" errors="0" timestamp="2024-04-01T17:05:44 IST" skipped="0">
  <testcase classname="Runner.RunnerClass" name="runScenario" time="32.762"/>
  <testcase classname="Runner.RunnerClass" name="runScenario" time="25.280"/>
  <testcase classname="Runner.RunnerClass" name="runScenario" time="16.713"/>
  <testcase classname="Runner.RunnerClass" name="runScenario" time="24.411"/>
  <testcase classname="Runner.RunnerClass" name="runScenario" time="18.120"/>
</testsuite> <!-- Runner.RunnerClass -->
