<?xml version="1.0" encoding="UTF-8"?>
<!-- Generated by org.testng.reporters.JUnitReportReporter -->
<testsuite hostname="LIN-5CG136BG22" failures="0" tests="1" name="Stepdefinition.Excel_Data_Provider" time="15.990" errors="0" timestamp="2024-04-02T22:40:38 IST" skipped="0">
  <testcase classname="Stepdefinition.Excel_Data_Provider" name="offers" time="15.990"/>
</testsuite> <!-- Stepdefinition.Excel_Data_Provider -->
